<?xml version="1.0" encoding="UTF-8"?>
<testsuite xmlns:xsi="http://www.w3.org/2001/XMLSchema-instance" xsi:noNamespaceSchemaLocation="https://maven.apache.org/surefire/maven-surefire-plugin/xsd/surefire-test-report.xsd" name="TestSuite" time="11.207" tests="1" errors="0" skipped="0" failures="1">
  <properties>
    <property name="sun.desktop" value="windows"/>
    <property name="awt.toolkit" value="sun.awt.windows.WToolkit"/>
    <property name="file.encoding.pkg" value="sun.io"/>
    <property name="java.specification.version" value="1.8"/>
    <property name="sun.cpu.isalist" value="amd64"/>
    <property name="sun.jnu.encoding" value="GBK"/>
    <property name="java.class.path" value="D:\wqh\eclipse\git22\target\test-classes;D:\wqh\eclipse\git22\target\classes;C:\Users\wqh\.m2\repository\org\seleniumhq\selenium\selenium-java\3.5.1\selenium-java-3.5.1.jar;C:\Users\wqh\.m2\repository\org\seleniumhq\selenium\selenium-api\3.5.1\selenium-api-3.5.1.jar;C:\Users\wqh\.m2\repository\org\seleniumhq\selenium\selenium-chrome-driver\3.5.1\selenium-chrome-driver-3.5.1.jar;C:\Users\wqh\.m2\repository\org\seleniumhq\selenium\selenium-edge-driver\3.5.1\selenium-edge-driver-3.5.1.jar;C:\Users\wqh\.m2\repository\org\seleniumhq\selenium\selenium-firefox-driver\3.5.1\selenium-firefox-driver-3.5.1.jar;C:\Users\wqh\.m2\repository\org\seleniumhq\selenium\selenium-ie-driver\3.5.1\selenium-ie-driver-3.5.1.jar;C:\Users\wqh\.m2\repository\org\seleniumhq\selenium\selenium-opera-driver\3.5.1\selenium-opera-driver-3.5.1.jar;C:\Users\wqh\.m2\repository\org\seleniumhq\selenium\selenium-remote-driver\3.5.1\selenium-remote-driver-3.5.1.jar;C:\Users\wqh\.m2\repository\org\seleniumhq\selenium\selenium-safari-driver\3.5.1\selenium-safari-driver-3.5.1.jar;C:\Users\wqh\.m2\repository\org\seleniumhq\selenium\selenium-support\3.5.1\selenium-support-3.5.1.jar;C:\Users\wqh\.m2\repository\cglib\cglib-nodep\3.2.4\cglib-nodep-3.2.4.jar;C:\Users\wqh\.m2\repository\org\apache\commons\commons-exec\1.3\commons-exec-1.3.jar;C:\Users\wqh\.m2\repository\org\apache\commons\commons-lang3\3.5\commons-lang3-3.5.jar;C:\Users\wqh\.m2\repository\commons-codec\commons-codec\1.10\commons-codec-1.10.jar;C:\Users\wqh\.m2\repository\commons-io\commons-io\2.5\commons-io-2.5.jar;C:\Users\wqh\.m2\repository\commons-logging\commons-logging\1.2\commons-logging-1.2.jar;C:\Users\wqh\.m2\repository\org\w3c\css\sac\1.3\sac-1.3.jar;C:\Users\wqh\.m2\repository\net\sourceforge\cssparser\cssparser\0.9.23\cssparser-0.9.23.jar;C:\Users\wqh\.m2\repository\com\google\code\gson\gson\2.8.0\gson-2.8.0.jar;C:\Users\wqh\.m2\repository\com\google\guava\guava\23.0\guava-23.0.jar;C:\Users\wqh\.m2\repository\com\google\code\findbugs\jsr305\1.3.9\jsr305-1.3.9.jar;C:\Users\wqh\.m2\repository\com\google\errorprone\error_prone_annotations\2.0.18\error_prone_annotations-2.0.18.jar;C:\Users\wqh\.m2\repository\com\google\j2objc\j2objc-annotations\1.1\j2objc-annotations-1.1.jar;C:\Users\wqh\.m2\repository\org\codehaus\mojo\animal-sniffer-annotations\1.14\animal-sniffer-annotations-1.14.jar;C:\Users\wqh\.m2\repository\org\hamcrest\hamcrest-core\1.3\hamcrest-core-1.3.jar;C:\Users\wqh\.m2\repository\net\sourceforge\htmlunit\htmlunit\2.27\htmlunit-2.27.jar;C:\Users\wqh\.m2\repository\net\sourceforge\htmlunit\htmlunit-core-js\2.27\htmlunit-core-js-2.27.jar;C:\Users\wqh\.m2\repository\net\sourceforge\htmlunit\neko-htmlunit\2.27\neko-htmlunit-2.27.jar;C:\Users\wqh\.m2\repository\org\apache\httpcomponents\httpclient\4.5.3\httpclient-4.5.3.jar;C:\Users\wqh\.m2\repository\org\apache\httpcomponents\httpcore\4.4.6\httpcore-4.4.6.jar;C:\Users\wqh\.m2\repository\org\apache\httpcomponents\httpmime\4.5.3\httpmime-4.5.3.jar;C:\Users\wqh\.m2\repository\org\eclipse\jetty\jetty-client\9.4.5.v20170502\jetty-client-9.4.5.v20170502.jar;C:\Users\wqh\.m2\repository\org\eclipse\jetty\jetty-http\9.4.5.v20170502\jetty-http-9.4.5.v20170502.jar;C:\Users\wqh\.m2\repository\org\eclipse\jetty\jetty-io\9.4.5.v20170502\jetty-io-9.4.5.v20170502.jar;C:\Users\wqh\.m2\repository\org\eclipse\jetty\jetty-util\9.4.5.v20170502\jetty-util-9.4.5.v20170502.jar;C:\Users\wqh\.m2\repository\net\java\dev\jna\jna\4.1.0\jna-4.1.0.jar;C:\Users\wqh\.m2\repository\net\java\dev\jna\jna-platform\4.1.0\jna-platform-4.1.0.jar;C:\Users\wqh\.m2\repository\junit\junit\4.12\junit-4.12.jar;C:\Users\wqh\.m2\repository\com\codeborne\phantomjsdriver\1.4.0\phantomjsdriver-1.4.0.jar;C:\Users\wqh\.m2\repository\org\seleniumhq\selenium\htmlunit-driver\2.27\htmlunit-driver-2.27.jar;C:\Users\wqh\.m2\repository\javax\servlet\javax.servlet-api\3.1.0\javax.servlet-api-3.1.0.jar;C:\Users\wqh\.m2\repository\org\eclipse\jetty\websocket\websocket-api\9.4.5.v20170502\websocket-api-9.4.5.v20170502.jar;C:\Users\wqh\.m2\repository\org\eclipse\jetty\websocket\websocket-client\9.4.5.v20170502\websocket-client-9.4.5.v20170502.jar;C:\Users\wqh\.m2\repository\org\eclipse\jetty\websocket\websocket-common\9.4.5.v20170502\websocket-common-9.4.5.v20170502.jar;C:\Users\wqh\.m2\repository\xalan\serializer\2.7.2\serializer-2.7.2.jar;C:\Users\wqh\.m2\repository\xalan\xalan\2.7.2\xalan-2.7.2.jar;C:\Users\wqh\.m2\repository\xerces\xercesImpl\2.11.0\xercesImpl-2.11.0.jar;C:\Users\wqh\.m2\repository\xml-apis\xml-apis\1.4.01\xml-apis-1.4.01.jar;C:\Users\wqh\.m2\repository\io\qameta\allure\allure-testng\2.13.1\allure-testng-2.13.1.jar;C:\Users\wqh\.m2\repository\io\qameta\allure\allure-java-commons\2.13.1\allure-java-commons-2.13.1.jar;C:\Users\wqh\.m2\repository\io\qameta\allure\allure-model\2.13.1\allure-model-2.13.1.jar;C:\Users\wqh\.m2\repository\org\slf4j\slf4j-api\1.7.25\slf4j-api-1.7.25.jar;C:\Users\wqh\.m2\repository\com\fasterxml\jackson\core\jackson-databind\2.9.8\jackson-databind-2.9.8.jar;C:\Users\wqh\.m2\repository\com\fasterxml\jackson\core\jackson-annotations\2.9.0\jackson-annotations-2.9.0.jar;C:\Users\wqh\.m2\repository\com\fasterxml\jackson\core\jackson-core\2.9.8\jackson-core-2.9.8.jar;C:\Users\wqh\.m2\repository\org\apache\tika\tika-core\1.20\tika-core-1.20.jar;C:\Users\wqh\.m2\repository\org\jooq\joor-java-8\0.9.10\joor-java-8-0.9.10.jar;C:\Users\wqh\.m2\repository\org\testng\testng\6.14.3\testng-6.14.3.jar;C:\Users\wqh\.m2\repository\com\beust\jcommander\1.72\jcommander-1.72.jar;C:\Users\wqh\.m2\repository\org\apache-extras\beanshell\bsh\2.0b6\bsh-2.0b6.jar;"/>
    <property name="java.vm.vendor" value="Oracle Corporation"/>
    <property name="sun.arch.data.model" value="64"/>
    <property name="user.variant" value=""/>
    <property name="java.vendor.url" value="http://java.oracle.com/"/>
    <property name="user.timezone" value="Asia/Shanghai"/>
    <property name="java.vm.specification.version" value="1.8"/>
    <property name="os.name" value="Windows 8.1"/>
    <property name="user.country" value="CN"/>
    <property name="sun.java.launcher" value="SUN_STANDARD"/>
    <property name="sun.boot.library.path" value="C:\Program Files\Java\jdk1.8.0\jre\bin"/>
    <property name="sun.java.command" value="C:\Users\wqh\AppData\Local\Temp\surefire1926783233024493051\surefirebooter2319685050527936036.jar C:\Users\wqh\AppData\Local\Temp\surefire1926783233024493051 2020-05-16T09-58-31_706-jvmRun1 surefire5553111444219868365tmp surefire_0524945006028190243tmp"/>
    <property name="surefire.test.class.path" value="D:\wqh\eclipse\git22\target\test-classes;D:\wqh\eclipse\git22\target\classes;C:\Users\wqh\.m2\repository\org\seleniumhq\selenium\selenium-java\3.5.1\selenium-java-3.5.1.jar;C:\Users\wqh\.m2\repository\org\seleniumhq\selenium\selenium-api\3.5.1\selenium-api-3.5.1.jar;C:\Users\wqh\.m2\repository\org\seleniumhq\selenium\selenium-chrome-driver\3.5.1\selenium-chrome-driver-3.5.1.jar;C:\Users\wqh\.m2\repository\org\seleniumhq\selenium\selenium-edge-driver\3.5.1\selenium-edge-driver-3.5.1.jar;C:\Users\wqh\.m2\repository\org\seleniumhq\selenium\selenium-firefox-driver\3.5.1\selenium-firefox-driver-3.5.1.jar;C:\Users\wqh\.m2\repository\org\seleniumhq\selenium\selenium-ie-driver\3.5.1\selenium-ie-driver-3.5.1.jar;C:\Users\wqh\.m2\repository\org\seleniumhq\selenium\selenium-opera-driver\3.5.1\selenium-opera-driver-3.5.1.jar;C:\Users\wqh\.m2\repository\org\seleniumhq\selenium\selenium-remote-driver\3.5.1\selenium-remote-driver-3.5.1.jar;C:\Users\wqh\.m2\repository\org\seleniumhq\selenium\selenium-safari-driver\3.5.1\selenium-safari-driver-3.5.1.jar;C:\Users\wqh\.m2\repository\org\seleniumhq\selenium\selenium-support\3.5.1\selenium-support-3.5.1.jar;C:\Users\wqh\.m2\repository\cglib\cglib-nodep\3.2.4\cglib-nodep-3.2.4.jar;C:\Users\wqh\.m2\repository\org\apache\commons\commons-exec\1.3\commons-exec-1.3.jar;C:\Users\wqh\.m2\repository\org\apache\commons\commons-lang3\3.5\commons-lang3-3.5.jar;C:\Users\wqh\.m2\repository\commons-codec\commons-codec\1.10\commons-codec-1.10.jar;C:\Users\wqh\.m2\repository\commons-io\commons-io\2.5\commons-io-2.5.jar;C:\Users\wqh\.m2\repository\commons-logging\commons-logging\1.2\commons-logging-1.2.jar;C:\Users\wqh\.m2\repository\org\w3c\css\sac\1.3\sac-1.3.jar;C:\Users\wqh\.m2\repository\net\sourceforge\cssparser\cssparser\0.9.23\cssparser-0.9.23.jar;C:\Users\wqh\.m2\repository\com\google\code\gson\gson\2.8.0\gson-2.8.0.jar;C:\Users\wqh\.m2\repository\com\google\guava\guava\23.0\guava-23.0.jar;C:\Users\wqh\.m2\repository\com\google\code\findbugs\jsr305\1.3.9\jsr305-1.3.9.jar;C:\Users\wqh\.m2\repository\com\google\errorprone\error_prone_annotations\2.0.18\error_prone_annotations-2.0.18.jar;C:\Users\wqh\.m2\repository\com\google\j2objc\j2objc-annotations\1.1\j2objc-annotations-1.1.jar;C:\Users\wqh\.m2\repository\org\codehaus\mojo\animal-sniffer-annotations\1.14\animal-sniffer-annotations-1.14.jar;C:\Users\wqh\.m2\repository\org\hamcrest\hamcrest-core\1.3\hamcrest-core-1.3.jar;C:\Users\wqh\.m2\repository\net\sourceforge\htmlunit\htmlunit\2.27\htmlunit-2.27.jar;C:\Users\wqh\.m2\repository\net\sourceforge\htmlunit\htmlunit-core-js\2.27\htmlunit-core-js-2.27.jar;C:\Users\wqh\.m2\repository\net\sourceforge\htmlunit\neko-htmlunit\2.27\neko-htmlunit-2.27.jar;C:\Users\wqh\.m2\repository\org\apache\httpcomponents\httpclient\4.5.3\httpclient-4.5.3.jar;C:\Users\wqh\.m2\repository\org\apache\httpcomponents\httpcore\4.4.6\httpcore-4.4.6.jar;C:\Users\wqh\.m2\repository\org\apache\httpcomponents\httpmime\4.5.3\httpmime-4.5.3.jar;C:\Users\wqh\.m2\repository\org\eclipse\jetty\jetty-client\9.4.5.v20170502\jetty-client-9.4.5.v20170502.jar;C:\Users\wqh\.m2\repository\org\eclipse\jetty\jetty-http\9.4.5.v20170502\jetty-http-9.4.5.v20170502.jar;C:\Users\wqh\.m2\repository\org\eclipse\jetty\jetty-io\9.4.5.v20170502\jetty-io-9.4.5.v20170502.jar;C:\Users\wqh\.m2\repository\org\eclipse\jetty\jetty-util\9.4.5.v20170502\jetty-util-9.4.5.v20170502.jar;C:\Users\wqh\.m2\repository\net\java\dev\jna\jna\4.1.0\jna-4.1.0.jar;C:\Users\wqh\.m2\repository\net\java\dev\jna\jna-platform\4.1.0\jna-platform-4.1.0.jar;C:\Users\wqh\.m2\repository\junit\junit\4.12\junit-4.12.jar;C:\Users\wqh\.m2\repository\com\codeborne\phantomjsdriver\1.4.0\phantomjsdriver-1.4.0.jar;C:\Users\wqh\.m2\repository\org\seleniumhq\selenium\htmlunit-driver\2.27\htmlunit-driver-2.27.jar;C:\Users\wqh\.m2\repository\javax\servlet\javax.servlet-api\3.1.0\javax.servlet-api-3.1.0.jar;C:\Users\wqh\.m2\repository\org\eclipse\jetty\websocket\websocket-api\9.4.5.v20170502\websocket-api-9.4.5.v20170502.jar;C:\Users\wqh\.m2\repository\org\eclipse\jetty\websocket\websocket-client\9.4.5.v20170502\websocket-client-9.4.5.v20170502.jar;C:\Users\wqh\.m2\repository\org\eclipse\jetty\websocket\websocket-common\9.4.5.v20170502\websocket-common-9.4.5.v20170502.jar;C:\Users\wqh\.m2\repository\xalan\serializer\2.7.2\serializer-2.7.2.jar;C:\Users\wqh\.m2\repository\xalan\xalan\2.7.2\xalan-2.7.2.jar;C:\Users\wqh\.m2\repository\xerces\xercesImpl\2.11.0\xercesImpl-2.11.0.jar;C:\Users\wqh\.m2\repository\xml-apis\xml-apis\1.4.01\xml-apis-1.4.01.jar;C:\Users\wqh\.m2\repository\io\qameta\allure\allure-testng\2.13.1\allure-testng-2.13.1.jar;C:\Users\wqh\.m2\repository\io\qameta\allure\allure-java-commons\2.13.1\allure-java-commons-2.13.1.jar;C:\Users\wqh\.m2\repository\io\qameta\allure\allure-model\2.13.1\allure-model-2.13.1.jar;C:\Users\wqh\.m2\repository\org\slf4j\slf4j-api\1.7.25\slf4j-api-1.7.25.jar;C:\Users\wqh\.m2\repository\com\fasterxml\jackson\core\jackson-databind\2.9.8\jackson-databind-2.9.8.jar;C:\Users\wqh\.m2\repository\com\fasterxml\jackson\core\jackson-annotations\2.9.0\jackson-annotations-2.9.0.jar;C:\Users\wqh\.m2\repository\com\fasterxml\jackson\core\jackson-core\2.9.8\jackson-core-2.9.8.jar;C:\Users\wqh\.m2\repository\org\apache\tika\tika-core\1.20\tika-core-1.20.jar;C:\Users\wqh\.m2\repository\org\jooq\joor-java-8\0.9.10\joor-java-8-0.9.10.jar;C:\Users\wqh\.m2\repository\org\testng\testng\6.14.3\testng-6.14.3.jar;C:\Users\wqh\.m2\repository\com\beust\jcommander\1.72\jcommander-1.72.jar;C:\Users\wqh\.m2\repository\org\apache-extras\beanshell\bsh\2.0b6\bsh-2.0b6.jar;"/>
    <property name="sun.cpu.endian" value="little"/>
    <property name="allure.results.directory" value="D:\wqh\eclipse\git22\target/allure-results"/>
    <property name="user.home" value="C:\Users\wqh"/>
    <property name="user.language" value="zh"/>
    <property name="java.specification.vendor" value="Oracle Corporation"/>
    <property name="java.home" value="C:\Program Files\Java\jdk1.8.0\jre"/>
    <property name="basedir" value="D:\wqh\eclipse\git22"/>
    <property name="file.separator" value="\"/>
    <property name="line.separator" value="&#10;"/>
    <property name="java.vm.specification.vendor" value="Oracle Corporation"/>
    <property name="java.specification.name" value="Java Platform API Specification"/>
    <property name="java.awt.graphicsenv" value="sun.awt.Win32GraphicsEnvironment"/>
    <property name="surefire.real.class.path" value="C:\Users\wqh\AppData\Local\Temp\surefire1926783233024493051\surefirebooter2319685050527936036.jar;C:\Users\wqh\.m2\repository/org/aspectj/aspectjweaver/1.9.2/aspectjweaver-1.9.2.jar"/>
    <property name="sun.boot.class.path" value="C:\Program Files\Java\jdk1.8.0\jre\lib\resources.jar;C:\Program Files\Java\jdk1.8.0\jre\lib\rt.jar;C:\Program Files\Java\jdk1.8.0\jre\lib\sunrsasign.jar;C:\Program Files\Java\jdk1.8.0\jre\lib\jsse.jar;C:\Program Files\Java\jdk1.8.0\jre\lib\jce.jar;C:\Program Files\Java\jdk1.8.0\jre\lib\charsets.jar;C:\Program Files\Java\jdk1.8.0\jre\lib\jfr.jar;C:\Program Files\Java\jdk1.8.0\jre\classes"/>
    <property name="user.script" value=""/>
    <property name="sun.management.compiler" value="HotSpot 64-Bit Tiered Compilers"/>
    <property name="java.runtime.version" value="1.8.0-b132"/>
    <property name="user.name" value="wqh"/>
    <property name="path.separator" value=";"/>
    <property name="os.version" value="6.3"/>
    <property name="java.endorsed.dirs" value="C:\Program Files\Java\jdk1.8.0\jre\lib\endorsed"/>
    <property name="java.runtime.name" value="Java(TM) SE Runtime Environment"/>
    <property name="file.encoding" value="UTF-8"/>
    <property name="java.vm.name" value="Java HotSpot(TM) 64-Bit Server VM"/>
    <property name="localRepository" value="C:\Users\wqh\.m2\repository"/>
    <property name="java.vendor.url.bug" value="http://bugreport.sun.com/bugreport/"/>
    <property name="java.io.tmpdir" value="C:\Users\wqh\AppData\Local\Temp\"/>
    <property name="java.version" value="1.8.0"/>
    <property name="user.dir" value="D:\wqh\eclipse\git22"/>
    <property name="os.arch" value="amd64"/>
    <property name="java.vm.specification.name" value="Java Virtual Machine Specification"/>
    <property name="java.awt.printerjob" value="sun.awt.windows.WPrinterJob"/>
    <property name="sun.os.patch.level" value=""/>
    <property name="java.library.path" value="C:\Program Files\Java\jdk1.8.0\jre\bin;C:\WINDOWS\Sun\Java\bin;C:\WINDOWS\system32;C:\WINDOWS;D:\wqh\ant\bin;D:\wqh\maven\bin;D:\wqh\sdk\platform-tools;D:\wqh\sdk\tools;D:\wqh\sdk\build-tools\29.0.0;C:\Program Files (x86)\HP\NV\lib\shunra\snv;C:\Program Files (x86)\HP\NV\lib\shunra\vcat;C:\WINDOWS\system32;C:\WINDOWS;C:\WINDOWS\System32\Wbem;C:\WINDOWS\System32\WindowsPowerShell\v1.0\;C:\WINDOWS\System32\OpenSSH\;C:\Program Files\Java\jdk1.8.0\\bin;C:\Program Files\Java\jdk1.8.0\\jre\bin;C:\strawberry\c\bin;C:\strawberry\perl\bin;C:\Program Files\TortoiseSVN\bin;C:\Program Files (x86)\HP\LoadRunner\strawberry-perl\perl\bin;C:\Program Files (x86)\HP\NV\lib\thirdparty\safenet\LDK\7.0;C:\Program Files\Git\cmd;C:\Users\wqh\AppData\Local\Microsoft\WindowsApps;;C:\Users\wqh\AppData\Local\Programs\Fiddler;."/>
    <property name="java.vm.info" value="mixed mode"/>
    <property name="java.vendor" value="Oracle Corporation"/>
    <property name="java.vm.version" value="25.0-b70"/>
    <property name="java.ext.dirs" value="C:\Program Files\Java\jdk1.8.0\jre\lib\ext;C:\WINDOWS\Sun\Java\lib\ext"/>
    <property name="sun.io.unicode.encoding" value="UnicodeLittle"/>
    <property name="java.class.version" value="52.0"/>
  </properties>
  <testcase name="f" classname="git22.jenkins" time="8.765">
    <failure message="no such element: Unable to locate element: {&quot;method&quot;:&quot;css selector&quot;,&quot;selector&quot;:&quot;#su1&quot;}&#10;  (Session info: chrome=81.0.4044.138)&#10;For documentation on this error, please visit: http://seleniumhq.org/exceptions/no_such_element.html&#10;Build info: version: &apos;3.5.1&apos;, revision: &apos;9c21bb67ef&apos;, time: &apos;2017-08-17T15:26:08.955Z&apos;&#10;System info: host: &apos;DESKTOP-5I89EPI&apos;, ip: &apos;192.168.159.1&apos;, os.name: &apos;Windows 8.1&apos;, os.arch: &apos;amd64&apos;, os.version: &apos;6.3&apos;, java.version: &apos;1.8.0&apos;&#10;Driver info: org.openqa.selenium.chrome.ChromeDriver&#10;Capabilities [{networkConnectionEnabled=false, chrome={chromedriverVersion=80.0.3987.106 (f68069574609230cf9b635cd784cfb1bf81bb53a-refs/branch-heads/3987@{#882}), userDataDir=C:\Users\wqh\AppData\Local\Temp\scoped_dir28724_1205237214}, timeouts={implicit=0.0, pageLoad=300000.0, script=30000.0}, pageLoadStrategy=normal, unhandledPromptBehavior=dismiss and notify, strictFileInteractability=false, platform=ANY, proxy=Proxy(), goog:chromeOptions={debuggerAddress=localhost:60821}, acceptInsecureCerts=false, browserVersion=81.0.4044.138, browserName=chrome, javascriptEnabled=true, platformName=windows, setWindowRect=true}]&#10;Session ID: 1e9b191495493845f8fa346b4db110b6&#10;*** Element info: {Using=id, value=su1}" type="java.lang.AssertionError">java.lang.AssertionError: 
no such element: Unable to locate element: {"method":"css selector","selector":"#su1"}
  (Session info: chrome=81.0.4044.138)
For documentation on this error, please visit: http://seleniumhq.org/exceptions/no_such_element.html
Build info: version: '3.5.1', revision: '9c21bb67ef', time: '2017-08-17T15:26:08.955Z'
System info: host: 'DESKTOP-5I89EPI', ip: '192.168.159.1', os.name: 'Windows 8.1', os.arch: 'amd64', os.version: '6.3', java.version: '1.8.0'
Driver info: org.openqa.selenium.chrome.ChromeDriver
Capabilities [{networkConnectionEnabled=false, chrome={chromedriverVersion=80.0.3987.106 (f68069574609230cf9b635cd784cfb1bf81bb53a-refs/branch-heads/3987@{#882}), userDataDir=C:\Users\wqh\AppData\Local\Temp\scoped_dir28724_1205237214}, timeouts={implicit=0.0, pageLoad=300000.0, script=30000.0}, pageLoadStrategy=normal, unhandledPromptBehavior=dismiss and notify, strictFileInteractability=false, platform=ANY, proxy=Proxy(), goog:chromeOptions={debuggerAddress=localhost:60821}, acceptInsecureCerts=false, browserVersion=81.0.4044.138, browserName=chrome, javascriptEnabled=true, platformName=windows, setWindowRect=true}]
Session ID: 1e9b191495493845f8fa346b4db110b6
*** Element info: {Using=id, value=su1}
	at git22.jenkins.f(jenkins.java:55)
</failure>
    <system-out><![CDATA[20200516_095835
<a href=D:\wqh\eclipse\git22\file\test20200516_095835.png  target=_blank>失败截图</a>
<img src=D:\wqh\eclipse\git22\file\test20200516_095835.png  style=width:30px;height:30px img/>
]]></system-out>
    <system-err><![CDATA[SLF4J: Failed to load class "org.slf4j.impl.StaticLoggerBinder".
SLF4J: Defaulting to no-operation (NOP) logger implementation
SLF4J: See http://www.slf4j.org/codes.html#StaticLoggerBinder for further details.
Starting ChromeDriver 80.0.3987.106 (f68069574609230cf9b635cd784cfb1bf81bb53a-refs/branch-heads/3987@{#882}) on port 44372
Only local connections are allowed.
Please protect ports used by ChromeDriver and related test frameworks to prevent access by malicious code.
[1589594318.708][WARNING]: This version of ChromeDriver has not been tested with Chrome version 81.
五月 16, 2020 9:58:40 上午 org.openqa.selenium.remote.ProtocolHandshake createSession
信息: Detected dialect: W3C
[1589594321.355][SEVERE]: Timed out receiving message from renderer: 0.100
[1589594321.776][SEVERE]: Timed out receiving message from renderer: 0.100
[1589594321.879][SEVERE]: Timed out receiving message from renderer: 0.100
]]></system-err>
  </testcase>
</testsuite>