<?xml version="1.0" encoding="UTF-8"?>
<!-- Generated by org.testng.reporters.JUnitReportReporter -->
<testsuite skipped="0" hostname="DESKTOP-5I89EPI" name="git22.jenkins" tests="1" failures="0" timestamp="15 五月 2020 08:13:43 GMT" time="8.887" errors="0">
  <testcase name="f" time="8.887" classname="git22.jenkins"/>
</testsuite> <!-- git22.jenkins -->
