<?xml version="1.0" encoding="UTF-8"?>
<!-- Generated by org.testng.reporters.JUnitReportReporter -->
<testsuite skipped="0" hostname="DESKTOP-5I89EPI" name="git22.test1" tests="1" failures="0" timestamp="03 十二月 2019 07:25:42 GMT" time="3.489" errors="0">
  <testcase name="testUntitledTestCase" time="3.489" classname="git22.test1"/>
</testsuite> <!-- git22.test1 -->
